
SQL*Loader: Release 11.2.0.2.0 - Production on N Cze 11 16:57:06 2017

Copyright (c) 1982, 2009, Oracle and/or its affiliates.  All rights reserved.

Control File:   data_przejazdu.ctl
Data File:      D:\BD projekt.GIT\CSV CTL\data_przejazdu.csv
  Bad File:     data_przejazdu.bad
  Discard File:  none specified
 
 (Allow all discards)

Number to load: ALL
Number to skip: 0
Errors allowed: 50
Bind array:     64 rows, maximum of 256000 bytes
Continuation:    none specified
Path used:      Conventional

Table DATA_PRZEJAZDU, loaded from every logical record.
Insert option in effect for this table: REPLACE

   Column Name                  Position   Len  Term Encl Datatype
------------------------------ ---------- ----- ---- ---- ---------------------
ID                                  FIRST     *   ,       CHARACTER            
DATA                                 NEXT     *   ,       DATE dd-mm-yyyy      


Table DATA_PRZEJAZDU:
  800 Rows successfully loaded.
  0 Rows not loaded due to data errors.
  0 Rows not loaded because all WHEN clauses were failed.
  0 Rows not loaded because all fields were null.


Space allocated for bind array:                  33024 bytes(64 rows)
Read   buffer bytes: 1048576

Total logical records skipped:          0
Total logical records read:           800
Total logical records rejected:         0
Total logical records discarded:        0

Run began on N  Cze 11 16:57:06 2017
Run ended on N  Cze 11 16:57:06 2017

Elapsed time was:     00:00:00.07
CPU time was:         00:00:00.05
