
SQL*Loader: Release 11.2.0.2.0 - Production on N Cze 11 16:57:05 2017

Copyright (c) 1982, 2009, Oracle and/or its affiliates.  All rights reserved.

Control File:   marka_autobusu.ctl
Data File:      D:\BD projekt.GIT\CSV CTL\Marka_autobusu.csv
  Bad File:     Marka_autobusu.bad
  Discard File:  none specified
 
 (Allow all discards)

Number to load: ALL
Number to skip: 0
Errors allowed: 50
Bind array:     64 rows, maximum of 256000 bytes
Continuation:    none specified
Path used:      Conventional

Table MARKA, loaded from every logical record.
Insert option in effect for this table: REPLACE

   Column Name                  Position   Len  Term Encl Datatype
------------------------------ ---------- ----- ---- ---- ---------------------
ID                                  FIRST     *   ,       CHARACTER            
NAZWA                                NEXT     *   ,       CHARACTER            


Table MARKA:
  39 Rows successfully loaded.
  0 Rows not loaded due to data errors.
  0 Rows not loaded because all WHEN clauses were failed.
  0 Rows not loaded because all fields were null.


Space allocated for bind array:                  33024 bytes(64 rows)
Read   buffer bytes: 1048576

Total logical records skipped:          0
Total logical records read:            39
Total logical records rejected:         0
Total logical records discarded:        0

Run began on N  Cze 11 16:57:05 2017
Run ended on N  Cze 11 16:57:06 2017

Elapsed time was:     00:00:00.27
CPU time was:         00:00:00.02
